C:\Users\DELL\Downloads\demi 14.2\10.1\.coverage
C:\Users\DELL\Downloads\demi 14.2\10.1\.git
C:\Users\DELL\Downloads\demi 14.2\10.1\.pytest_cache
C:\Users\DELL\Downloads\demi 14.2\10.1\all_files.log
C:\Users\DELL\Downloads\demi 14.2\10.1\find_files.py
C:\Users\DELL\Downloads\demi 14.2\10.1\fix_encoding.py
C:\Users\DELL\Downloads\demi 14.2\10.1\htmlcov
C:\Users\DELL\Downloads\demi 14.2\10.1\log_16_2.txt
C:\Users\DELL\Downloads\demi 14.2\10.1\main.py
C:\Users\DELL\Downloads\demi 14.2\10.1\poetry.lock
C:\Users\DELL\Downloads\demi 14.2\10.1\pyproject.toml
C:\Users\DELL\Downloads\demi 14.2\10.1\pytest_out.txt
C:\Users\DELL\Downloads\demi 14.2\10.1\pytest_report.log
C:\Users\DELL\Downloads\demi 14.2\10.1\README.md
C:\Users\DELL\Downloads\demi 14.2\10.1\search_results.txt
C:\Users\DELL\Downloads\demi 14.2\10.1\src
C:\Users\DELL\Downloads\demi 14.2\10.1\tests
C:\Users\DELL\Downloads\demi 14.2\10.1\test_out.txt
C:\Users\DELL\Downloads\demi 14.2\10.1\.git\COMMIT_EDITMSG
C:\Users\DELL\Downloads\demi 14.2\10.1\.git\config
C:\Users\DELL\Downloads\demi 14.2\10.1\.git\description
C:\Users\DELL\Downloads\demi 14.2\10.1\.git\FETCH_HEAD
C:\Users\DELL\Downloads\demi 14.2\10.1\.git\HEAD
C:\Users\DELL\Downloads\demi 14.2\10.1\.git\hooks
C:\Users\DELL\Downloads\demi 14.2\10.1\.git\index
C:\Users\DELL\Downloads\demi 14.2\10.1\.git\info
C:\Users\DELL\Downloads\demi 14.2\10.1\.git\logs
C:\Users\DELL\Downloads\demi 14.2\10.1\.git\objects
C:\Users\DELL\Downloads\demi 14.2\10.1\.git\packed-refs
C:\Users\DELL\Downloads\demi 14.2\10.1\.git\refs
C:\Users\DELL\Downloads\demi 14.2\10.1\.git\hooks\applypatch-msg.sample
C:\Users\DELL\Downloads\demi 14.2\10.1\.git\hooks\commit-msg.sample
C:\Users\DELL\Downloads\demi 14.2\10.1\.git\hooks\fsmonitor-watchman.sample
C:\Users\DELL\Downloads\demi 14.2\10.1\.git\hooks\post-update.sample
C:\Users\DELL\Downloads\demi 14.2\10.1\.git\hooks\pre-applypatch.sample
C:\Users\DELL\Downloads\demi 14.2\10.1\.git\hooks\pre-commit.sample
C:\Users\DELL\Downloads\demi 14.2\10.1\.git\hooks\pre-merge-commit.sample
C:\Users\DELL\Downloads\demi 14.2\10.1\.git\hooks\pre-push.sample
C:\Users\DELL\Downloads\demi 14.2\10.1\.git\hooks\pre-rebase.sample
C:\Users\DELL\Downloads\demi 14.2\10.1\.git\hooks\pre-receive.sample
C:\Users\DELL\Downloads\demi 14.2\10.1\.git\hooks\prepare-commit-msg.sample
C:\Users\DELL\Downloads\demi 14.2\10.1\.git\hooks\push-to-checkout.sample
C:\Users\DELL\Downloads\demi 14.2\10.1\.git\hooks\sendemail-validate.sample
C:\Users\DELL\Downloads\demi 14.2\10.1\.git\hooks\update.sample
C:\Users\DELL\Downloads\demi 14.2\10.1\.git\info\exclude
C:\Users\DELL\Downloads\demi 14.2\10.1\.git\logs\HEAD
C:\Users\DELL\Downloads\demi 14.2\10.1\.git\logs\refs
C:\Users\DELL\Downloads\demi 14.2\10.1\.git\logs\refs\heads
C:\Users\DELL\Downloads\demi 14.2\10.1\.git\logs\refs\remotes
C:\Users\DELL\Downloads\demi 14.2\10.1\.git\logs\refs\heads\fix-encoding-and-coverage-v2
C:\Users\DELL\Downloads\demi 14.2\10.1\.git\logs\refs\heads\main
C:\Users\DELL\Downloads\demi 14.2\10.1\.git\logs\refs\heads\pr-36-fix
C:\Users\DELL\Downloads\demi 14.2\10.1\.git\logs\refs\remotes\origin
C:\Users\DELL\Downloads\demi 14.2\10.1\.git\logs\refs\remotes\origin\fix-encoding-and-coverage-v2
C:\Users\DELL\Downloads\demi 14.2\10.1\.git\logs\refs\remotes\origin\HEAD
C:\Users\DELL\Downloads\demi 14.2\10.1\.git\logs\refs\remotes\origin\pr-36-fix
C:\Users\DELL\Downloads\demi 14.2\10.1\.git\objects\09
C:\Users\DELL\Downloads\demi 14.2\10.1\.git\objects\43
C:\Users\DELL\Downloads\demi 14.2\10.1\.git\objects\4b
C:\Users\DELL\Downloads\demi 14.2\10.1\.git\objects\72
C:\Users\DELL\Downloads\demi 14.2\10.1\.git\objects\8c
C:\Users\DELL\Downloads\demi 14.2\10.1\.git\objects\b2
C:\Users\DELL\Downloads\demi 14.2\10.1\.git\objects\c2
C:\Users\DELL\Downloads\demi 14.2\10.1\.git\objects\eb
C:\Users\DELL\Downloads\demi 14.2\10.1\.git\objects\info
C:\Users\DELL\Downloads\demi 14.2\10.1\.git\objects\pack
C:\Users\DELL\Downloads\demi 14.2\10.1\.git\objects\09\95d769af174d8320a8d803897ae9555a3d7f65
C:\Users\DELL\Downloads\demi 14.2\10.1\.git\objects\43\b1d706b8e7898619beba5a584b7ef2f8852e6a
C:\Users\DELL\Downloads\demi 14.2\10.1\.git\objects\4b\ab783df448e4a7c1492fbab4f47cede0652b77
C:\Users\DELL\Downloads\demi 14.2\10.1\.git\objects\72\f8d85dfce476c4ed9a11f0e7f6fca6389c56fc
C:\Users\DELL\Downloads\demi 14.2\10.1\.git\objects\8c\04bc7324e634531d8af12debfdd4434e7411e3
C:\Users\DELL\Downloads\demi 14.2\10.1\.git\objects\b2\37cee462103606906358c53b3defe7ac1e3367
C:\Users\DELL\Downloads\demi 14.2\10.1\.git\objects\c2\3dc2e204f5cb10523e8be13f237991d030c20e
C:\Users\DELL\Downloads\demi 14.2\10.1\.git\objects\eb\bb81cf081261b38b37a9e2d433a6010248e012
C:\Users\DELL\Downloads\demi 14.2\10.1\.git\objects\pack\pack-6d6366d7297a686c396443f00b37d95ccf27505d.idx
C:\Users\DELL\Downloads\demi 14.2\10.1\.git\objects\pack\pack-6d6366d7297a686c396443f00b37d95ccf27505d.pack
C:\Users\DELL\Downloads\demi 14.2\10.1\.git\objects\pack\pack-6d6366d7297a686c396443f00b37d95ccf27505d.rev
C:\Users\DELL\Downloads\demi 14.2\10.1\.git\refs\heads
C:\Users\DELL\Downloads\demi 14.2\10.1\.git\refs\remotes
C:\Users\DELL\Downloads\demi 14.2\10.1\.git\refs\tags
C:\Users\DELL\Downloads\demi 14.2\10.1\.git\refs\heads\fix-encoding-and-coverage-v2
C:\Users\DELL\Downloads\demi 14.2\10.1\.git\refs\heads\main
C:\Users\DELL\Downloads\demi 14.2\10.1\.git\refs\heads\pr-36-fix
C:\Users\DELL\Downloads\demi 14.2\10.1\.git\refs\remotes\origin
C:\Users\DELL\Downloads\demi 14.2\10.1\.git\refs\remotes\origin\fix-encoding-and-coverage-v2
C:\Users\DELL\Downloads\demi 14.2\10.1\.git\refs\remotes\origin\HEAD
C:\Users\DELL\Downloads\demi 14.2\10.1\.git\refs\remotes\origin\pr-36-fix
C:\Users\DELL\Downloads\demi 14.2\10.1\.pytest_cache\.gitignore
C:\Users\DELL\Downloads\demi 14.2\10.1\.pytest_cache\CACHEDIR.TAG
C:\Users\DELL\Downloads\demi 14.2\10.1\.pytest_cache\README.md
C:\Users\DELL\Downloads\demi 14.2\10.1\.pytest_cache\v
C:\Users\DELL\Downloads\demi 14.2\10.1\.pytest_cache\v\cache
C:\Users\DELL\Downloads\demi 14.2\10.1\.pytest_cache\v\cache\lastfailed
C:\Users\DELL\Downloads\demi 14.2\10.1\.pytest_cache\v\cache\nodeids
C:\Users\DELL\Downloads\demi 14.2\10.1\.pytest_cache\v\cache\stepwise
C:\Users\DELL\Downloads\demi 14.2\10.1\htmlcov\.gitignore
C:\Users\DELL\Downloads\demi 14.2\10.1\htmlcov\class_index.html
C:\Users\DELL\Downloads\demi 14.2\10.1\htmlcov\coverage_html_cb_188fc9a4.js
C:\Users\DELL\Downloads\demi 14.2\10.1\htmlcov\favicon_32_cb_c827f16f.png
C:\Users\DELL\Downloads\demi 14.2\10.1\htmlcov\function_index.html
C:\Users\DELL\Downloads\demi 14.2\10.1\htmlcov\index.html
C:\Users\DELL\Downloads\demi 14.2\10.1\htmlcov\keybd_closed_cb_900cfef5.png
C:\Users\DELL\Downloads\demi 14.2\10.1\htmlcov\status.json
C:\Users\DELL\Downloads\demi 14.2\10.1\htmlcov\style_cb_5c747636.css
C:\Users\DELL\Downloads\demi 14.2\10.1\htmlcov\z_145eef247bfb46b6_base_category_py.html
C:\Users\DELL\Downloads\demi 14.2\10.1\htmlcov\z_145eef247bfb46b6_base_product_py.html
C:\Users\DELL\Downloads\demi 14.2\10.1\htmlcov\z_145eef247bfb46b6_category_py.html
C:\Users\DELL\Downloads\demi 14.2\10.1\htmlcov\z_145eef247bfb46b6_exceptions_py.html
C:\Users\DELL\Downloads\demi 14.2\10.1\htmlcov\z_145eef247bfb46b6_order_py.html
C:\Users\DELL\Downloads\demi 14.2\10.1\htmlcov\z_145eef247bfb46b6_print_mixin_py.html
C:\Users\DELL\Downloads\demi 14.2\10.1\htmlcov\z_145eef247bfb46b6_product_iterator_py.html
C:\Users\DELL\Downloads\demi 14.2\10.1\htmlcov\z_145eef247bfb46b6_product_py.html
C:\Users\DELL\Downloads\demi 14.2\10.1\htmlcov\z_145eef247bfb46b6_utils_py.html
C:\Users\DELL\Downloads\demi 14.2\10.1\htmlcov\z_145eef247bfb46b6___init___py.html
C:\Users\DELL\Downloads\demi 14.2\10.1\src\base_category.py
C:\Users\DELL\Downloads\demi 14.2\10.1\src\base_product.py
C:\Users\DELL\Downloads\demi 14.2\10.1\src\category.py
C:\Users\DELL\Downloads\demi 14.2\10.1\src\exceptions.py
C:\Users\DELL\Downloads\demi 14.2\10.1\src\order.py
C:\Users\DELL\Downloads\demi 14.2\10.1\src\print_mixin.py
C:\Users\DELL\Downloads\demi 14.2\10.1\src\product.py
C:\Users\DELL\Downloads\demi 14.2\10.1\src\product_iterator.py
C:\Users\DELL\Downloads\demi 14.2\10.1\src\utils.py
C:\Users\DELL\Downloads\demi 14.2\10.1\src\__init__.py
C:\Users\DELL\Downloads\demi 14.2\10.1\src\__pycache__
C:\Users\DELL\Downloads\demi 14.2\10.1\src\__pycache__\base_category.cpython-311.pyc
C:\Users\DELL\Downloads\demi 14.2\10.1\src\__pycache__\base_product.cpython-311.pyc
C:\Users\DELL\Downloads\demi 14.2\10.1\src\__pycache__\category.cpython-311.pyc
C:\Users\DELL\Downloads\demi 14.2\10.1\src\__pycache__\exceptions.cpython-311.pyc
C:\Users\DELL\Downloads\demi 14.2\10.1\src\__pycache__\order.cpython-311.pyc
C:\Users\DELL\Downloads\demi 14.2\10.1\src\__pycache__\print_mixin.cpython-311.pyc
C:\Users\DELL\Downloads\demi 14.2\10.1\src\__pycache__\product.cpython-311.pyc
C:\Users\DELL\Downloads\demi 14.2\10.1\src\__pycache__\product_iterator.cpython-311.pyc
C:\Users\DELL\Downloads\demi 14.2\10.1\src\__pycache__\utils.cpython-311.pyc
C:\Users\DELL\Downloads\demi 14.2\10.1\src\__pycache__\__init__.cpython-311.pyc
C:\Users\DELL\Downloads\demi 14.2\10.1\tests\test_category.py
C:\Users\DELL\Downloads\demi 14.2\10.1\tests\test_encapsulation.py
C:\Users\DELL\Downloads\demi 14.2\10.1\tests\test_homework_16_2.py
C:\Users\DELL\Downloads\demi 14.2\10.1\tests\test_homework_17_1.py
C:\Users\DELL\Downloads\demi 14.2\10.1\tests\test_inheritance.py
C:\Users\DELL\Downloads\demi 14.2\10.1\tests\test_magic.py
C:\Users\DELL\Downloads\demi 14.2\10.1\tests\test_oop_arch.py
C:\Users\DELL\Downloads\demi 14.2\10.1\tests\test_order.py
C:\Users\DELL\Downloads\demi 14.2\10.1\tests\test_product.py
C:\Users\DELL\Downloads\demi 14.2\10.1\tests\test_utils.py
C:\Users\DELL\Downloads\demi 14.2\10.1\tests\__init__.py
C:\Users\DELL\Downloads\demi 14.2\10.1\tests\__pycache__
C:\Users\DELL\Downloads\demi 14.2\10.1\tests\__pycache__\test_category.cpython-311-pytest-7.4.3.pyc
C:\Users\DELL\Downloads\demi 14.2\10.1\tests\__pycache__\test_category.cpython-311-pytest-9.0.2.pyc
C:\Users\DELL\Downloads\demi 14.2\10.1\tests\__pycache__\test_encapsulation.cpython-311-pytest-7.4.3.pyc
C:\Users\DELL\Downloads\demi 14.2\10.1\tests\__pycache__\test_encapsulation.cpython-311-pytest-9.0.2.pyc
C:\Users\DELL\Downloads\demi 14.2\10.1\tests\__pycache__\test_homework_16_2.cpython-311-pytest-7.4.3.pyc
C:\Users\DELL\Downloads\demi 14.2\10.1\tests\__pycache__\test_homework_16_2.cpython-311-pytest-9.0.2.pyc
C:\Users\DELL\Downloads\demi 14.2\10.1\tests\__pycache__\test_homework_17_1.cpython-311-pytest-7.4.3.pyc
C:\Users\DELL\Downloads\demi 14.2\10.1\tests\__pycache__\test_homework_17_1.cpython-311-pytest-9.0.2.pyc
C:\Users\DELL\Downloads\demi 14.2\10.1\tests\__pycache__\test_inheritance.cpython-311-pytest-7.4.3.pyc
C:\Users\DELL\Downloads\demi 14.2\10.1\tests\__pycache__\test_inheritance.cpython-311-pytest-9.0.2.pyc
C:\Users\DELL\Downloads\demi 14.2\10.1\tests\__pycache__\test_magic.cpython-311-pytest-7.4.3.pyc
C:\Users\DELL\Downloads\demi 14.2\10.1\tests\__pycache__\test_magic.cpython-311-pytest-9.0.2.pyc
C:\Users\DELL\Downloads\demi 14.2\10.1\tests\__pycache__\test_oop_arch.cpython-311-pytest-7.4.3.pyc
C:\Users\DELL\Downloads\demi 14.2\10.1\tests\__pycache__\test_oop_arch.cpython-311-pytest-9.0.2.pyc
C:\Users\DELL\Downloads\demi 14.2\10.1\tests\__pycache__\test_order.cpython-311-pytest-7.4.3.pyc
C:\Users\DELL\Downloads\demi 14.2\10.1\tests\__pycache__\test_order.cpython-311-pytest-9.0.2.pyc
C:\Users\DELL\Downloads\demi 14.2\10.1\tests\__pycache__\test_product.cpython-311-pytest-7.4.3.pyc
C:\Users\DELL\Downloads\demi 14.2\10.1\tests\__pycache__\test_product.cpython-311-pytest-9.0.2.pyc
C:\Users\DELL\Downloads\demi 14.2\10.1\tests\__pycache__\test_utils.cpython-311-pytest-7.4.3.pyc
C:\Users\DELL\Downloads\demi 14.2\10.1\tests\__pycache__\test_utils.cpython-311-pytest-9.0.2.pyc
C:\Users\DELL\Downloads\demi 14.2\10.1\tests\__pycache__\__init__.cpython-311.pyc
